[2019-09-02 11:06:50,120][MainThread:4417435072][task_id:django.utils.autoreload][autoreload.py:597][INFO][Watching for file changes with StatReloader]
[2019-09-02 11:06:51,494][MainThread:4417435072][task_id:django][views.py:129][INFO][job schedule started...]
[2019-09-02 14:02:28,266][MainThread:4534048192][task_id:django.utils.autoreload][autoreload.py:597][INFO][Watching for file changes with StatReloader]
[2019-09-02 14:02:30,954][MainThread:4534048192][task_id:django][views.py:129][INFO][job schedule started...]
[2019-09-02 17:05:44,944][MainThread:4493141440][task_id:django.utils.autoreload][autoreload.py:597][INFO][Watching for file changes with StatReloader]
[2019-09-02 17:05:48,861][MainThread:4493141440][task_id:django][views.py:129][INFO][job schedule started...]
[2019-09-02 17:11:24,538][MainThread:4590364096][task_id:django.utils.autoreload][autoreload.py:597][INFO][Watching for file changes with StatReloader]
[2019-09-02 17:11:28,919][MainThread:4590364096][task_id:django][views.py:129][INFO][job schedule started...]
[2019-09-02 17:11:38,928][ThreadPoolExecutor-0_0:123145554513920][task_id:django][views.py:104][INFO][任务执行中]
[2019-09-02 17:11:39,040][ThreadPoolExecutor-0_0:123145554513920][task_id:django][views.py:112][INFO][门店9L03的图片量13]
[2019-09-02 17:11:39,106][ThreadPoolExecutor-0_0:123145554513920][task_id:django][views.py:76][INFO][9L03的可训练图片量13]
[2019-09-02 17:11:39,107][ThreadPoolExecutor-0_0:123145554513920][task_id:django][views.py:80][INFO][开始下载图片http://image.yonghuivip.com/9L03_1231231231_849339_1232323232.jpg]
[2019-09-02 17:11:40,046][ThreadPoolExecutor-0_0:123145554513920][task_id:django][views.py:80][INFO][开始下载图片http://image.yonghuivip.com/9L03_1231231231_849339_1232323232.jpg]
[2019-09-02 17:11:41,067][ThreadPoolExecutor-0_0:123145554513920][task_id:django][views.py:80][INFO][开始下载图片http://image.yonghuivip.com/9L03_12345_39393993_12098878877.png]
[2019-09-02 17:13:24,388][MainThread:4613412288][task_id:django.utils.autoreload][autoreload.py:597][INFO][Watching for file changes with StatReloader]
[2019-09-02 17:13:36,293][MainThread:4613412288][task_id:django][views.py:129][INFO][job schedule started...]
[2019-09-02 17:13:44,500][ThreadPoolExecutor-0_0:123145580257280][task_id:django][views.py:104][INFO][任务执行中]
[2019-09-02 17:13:44,617][ThreadPoolExecutor-0_0:123145580257280][task_id:django][views.py:112][INFO][门店9L03的图片量13]
[2019-09-02 17:13:44,691][ThreadPoolExecutor-0_0:123145580257280][task_id:django][views.py:76][INFO][9L03的可训练图片量13]
[2019-09-02 17:13:44,691][ThreadPoolExecutor-0_0:123145580257280][task_id:django][views.py:80][INFO][开始下载图片http://image.yonghuivip.com/9L03_1231231231_849339_1232323232.jpg]
[2019-09-02 17:13:45,218][ThreadPoolExecutor-0_0:123145580257280][task_id:django][views.py:80][INFO][开始下载图片http://image.yonghuivip.com/9L03_1231231231_849339_1232323232.jpg]
[2019-09-02 17:13:47,192][ThreadPoolExecutor-0_0:123145580257280][task_id:django][views.py:80][INFO][开始下载图片http://image.yonghuivip.com/9L03_12345_39393993_12098878877.png]
[2019-09-02 17:15:11,730][ThreadPoolExecutor-0_0:123145580257280][task_id:django][views.py:80][INFO][开始下载图片http://image.yonghuivip.com/9L03_12345_39393993_12098878877.png]
[2019-09-02 17:15:14,284][ThreadPoolExecutor-0_0:123145580257280][task_id:django][views.py:116][WARNING][500 Server Error: Internal Privoxy Error for url: http://image.yonghuivip.com/9L03_12345_39393993_12098878877.png]
[2019-09-02 17:15:14,285][ThreadPoolExecutor-0_0:123145580257280][task_id:django][views.py:112][INFO][门店9L06的图片量3]
[2019-09-02 17:15:14,306][ThreadPoolExecutor-0_0:123145580257280][task_id:django][views.py:76][INFO][9L06的可训练图片量3]
[2019-09-02 17:15:14,306][ThreadPoolExecutor-0_0:123145580257280][task_id:django][views.py:80][INFO][开始下载图片http://image.yonghuivip.com/9L03_1231231231_849339_1232323232.jpg]
[2019-09-02 17:15:14,791][ThreadPoolExecutor-0_0:123145580257280][task_id:django][views.py:91][INFO][下载完成，开始训练9L06]
[2019-09-02 17:15:55,709][ThreadPoolExecutor-0_0:123145580257280][task_id:django][views.py:95][WARNING][[Errno 2] No such file or directory: '']
[2019-09-02 17:15:55,730][ThreadPoolExecutor-0_0:123145580257280][task_id:django][views.py:112][INFO][门店9L09的图片量3]
[2019-09-02 17:15:55,741][ThreadPoolExecutor-0_0:123145580257280][task_id:django][views.py:76][INFO][9L09的可训练图片量3]
[2019-09-02 17:15:55,741][ThreadPoolExecutor-0_0:123145580257280][task_id:django][views.py:80][INFO][开始下载图片http://image.yonghuivip.com/9L03_1231231231_849339_1232323232.jpg]
[2019-09-02 17:15:57,309][ThreadPoolExecutor-0_0:123145580257280][task_id:django][views.py:80][INFO][开始下载图片http://image.yonghuivip.com/9L03_1231231231_849339_1232323232.jpg]
[2019-09-02 17:15:58,891][ThreadPoolExecutor-0_0:123145580257280][task_id:django][views.py:91][INFO][下载完成，开始训练9L09]
[2019-09-02 17:17:42,312][MainThread:4520728000][task_id:django.utils.autoreload][autoreload.py:597][INFO][Watching for file changes with StatReloader]
[2019-09-02 17:17:45,080][MainThread:4520728000][task_id:django][views.py:129][INFO][job schedule started...]
[2019-09-02 17:17:57,585][MainThread:4669224384][task_id:django.utils.autoreload][autoreload.py:597][INFO][Watching for file changes with StatReloader]
[2019-09-02 17:17:59,006][MainThread:4669224384][task_id:django][views.py:129][INFO][job schedule started...]
[2019-09-02 17:25:48,426][MainThread:4669224384][task_id:django.utils.autoreload][autoreload.py:217][INFO][/Users/sheldon/pythonProjects/goods_detection_api/goods_detection_server/models.py changed, reloading.]
[2019-09-02 17:25:49,436][MainThread:4722111936][task_id:django.utils.autoreload][autoreload.py:597][INFO][Watching for file changes with StatReloader]
[2019-09-02 17:25:51,706][MainThread:4722111936][task_id:django][views.py:129][INFO][job schedule started...]
[2019-09-02 17:33:51,791][MainThread:4722111936][task_id:django.utils.autoreload][autoreload.py:217][INFO][/Users/sheldon/pythonProjects/goods_detection_api/goods_detection_server/views.py changed, reloading.]
[2019-09-02 17:33:52,812][MainThread:4368934336][task_id:django.utils.autoreload][autoreload.py:597][INFO][Watching for file changes with StatReloader]
[2019-09-02 17:33:55,181][MainThread:4368934336][task_id:django][views.py:129][INFO][job schedule started...]
[2019-09-02 18:08:40,295][MainThread:4516947392][task_id:django.utils.autoreload][autoreload.py:597][INFO][Watching for file changes with StatReloader]
[2019-09-02 18:08:43,294][MainThread:4516947392][task_id:django][views.py:129][INFO][job schedule started...]
[2019-09-02 18:09:44,561][Thread-1:123145395273728][task_id:django][views.py:53][INFO][上传图片信息9D13_1231231231_849339_1232323232.jpg]
[2019-09-02 18:09:44,949][Thread-1:123145395273728][task_id:django.server][basehttp.py:154][INFO]["POST /detect/upload HTTP/1.1" 201 4]
